<?xml version="1.0" encoding="UTF-8"?>
<!-- Generated by org.testng.reporters.JUnitReportReporter -->
<testsuite hostname="DESKTOP-VK59J2P" failures="0" tests="2" name="testcase.EstimateModule" time="75.907" errors="0" timestamp="2021-03-09T15:57:37 IST" skipped="0">
  <testcase classname="testcase.EstimateModule" name="login" time="4.540"/>
  <system-out/>
  <testcase classname="testcase.EstimateModule" name="Estimate_PartsandPrice" time="71.367"/>
  <system-out/>
</testsuite> <!-- testcase.EstimateModule -->
