<?xml version="1.0" encoding="UTF-8"?>
<!-- Generated by org.testng.reporters.JUnitReportReporter -->
<testsuite hostname="DESKTOP-VK59J2P" failures="0" tests="5" name="testcase.InvoiceModule" time="63.168" errors="0" timestamp="2021-03-05T12:39:30 IST" skipped="0">
  <testcase classname="testcase.InvoiceModule" name="login" time="4.742"/>
  <system-out/>
  <testcase classname="testcase.InvoiceModule" name="invoice_No_Breakdown" time="14.936"/>
  <system-out/>
  <testcase classname="testcase.InvoiceModule" name="invoice_Breakdown_Bycategory" time="15.530"/>
  <system-out/>
  <testcase classname="testcase.InvoiceModule" name="invoice_FullBreakdown" time="12.095"/>
  <system-out/>
  <testcase classname="testcase.InvoiceModule" name="invoice_FullBreakdown_category" time="15.865"/>
  <system-out/>
</testsuite> <!-- testcase.InvoiceModule -->
